[01:44:42] [ServerMain/INFO]: [bootstrap] Running Java 21 (OpenJDK 64-Bit Server VM 21.0.10+7-Ubuntu-124.04; Ubuntu null) on Linux 6.8.0-1044-azure (amd64)
[01:44:42] [ServerMain/INFO]: [bootstrap] Loading Paper 1.21.5-114-ver/1.21.5@a1b3058 (2025-06-18T10:59:02Z) for Minecraft 1.21.5
[01:44:42] [ServerMain/INFO]: [PluginInitializerManager] Initializing plugins...
[01:44:42] [ServerMain/INFO]: [PluginInitializerManager] Initialized 0 plugins
[01:44:48] [ServerMain/INFO]: Environment: Environment[sessionHost=https://sessionserver.mojang.com, servicesHost=https://api.minecraftservices.com, name=PROD]
[01:44:51] [Worker-Main-1/WARN]: Found loot table element validation problem in {minecraft:loot_table/minecraft:entities/shulker}.pools[2].entries[0]: Unknown loot table called more_mob_heads:entities/shulker
[01:44:52] [ServerMain/INFO]: Loaded 1431 recipes
[01:44:52] [ServerMain/INFO]: Loaded 1702 advancements
[01:44:52] [Server thread/INFO]: Starting minecraft server version 1.21.5
[01:44:52] [Server thread/INFO]: Loading properties
[01:44:52] [Server thread/INFO]: This server is running Paper version 1.21.5-114-ver/1.21.5@a1b3058 (2025-06-18T10:59:02Z) (Implementing API version 1.21.5-R0.1-SNAPSHOT)
[01:44:52] [Server thread/INFO]: [spark] This server bundles the spark profiler. For more information please visit https://docs.papermc.io/paper/profiling
[01:44:52] [Server thread/INFO]: Server Ping Player Sample Count: 12
[01:44:52] [Server thread/INFO]: Using 4 threads for Netty based IO
[01:44:53] [Server thread/INFO]: [MoonriseCommon] Paper is using 1 worker threads, 1 I/O threads
[01:44:53] [Server thread/INFO]: [ChunkTaskScheduler] Chunk system is using population gen parallelism: true
[01:44:54] [Server thread/INFO]: Default game type: SURVIVAL
[01:44:54] [Server thread/INFO]: Generating keypair
[01:44:54] [Server thread/INFO]: Starting Minecraft server on *:25565
[01:44:54] [Server thread/INFO]: Using epoll channel type
[01:44:54] [Server thread/INFO]: Paper: Using libdeflate (Linux x86_64) compression from Velocity.
[01:44:54] [Server thread/INFO]: Paper: Using OpenSSL 3.x.x (Linux x86_64) cipher from Velocity.
[01:44:54] [Server thread/INFO]: Server permissions file permissions.yml is empty, ignoring it
[01:44:54] [Server thread/WARN]: **** SERVER IS RUNNING IN OFFLINE/INSECURE MODE!
[01:44:54] [Server thread/WARN]: The server will make no attempt to authenticate usernames. Beware.
[01:44:54] [Server thread/WARN]: While this makes the game possible to play without internet access, it also opens up the ability for hackers to connect with any username they choose.
[01:44:54] [Server thread/WARN]: To change this, set "online-mode" to "true" in the server.properties file.
[01:44:54] [Server thread/INFO]: Preparing level "world"
[01:44:54] [Server thread/INFO]: Preparing start region for dimension minecraft:overworld
[01:44:55] [Server thread/INFO]: Preparing spawn area: 0%
[01:44:55] [Server thread/INFO]: Preparing spawn area: 0%
[01:44:56] [Server thread/INFO]: Preparing spawn area: 0%
[01:44:56] [Server thread/INFO]: Preparing spawn area: 0%
[01:44:56] [Server thread/INFO]: Preparing spawn area: 0%
[01:44:57] [Server thread/INFO]: Preparing spawn area: 38%
[01:44:57] [Server thread/INFO]: Time elapsed: 2823 ms
[01:44:57] [Server thread/INFO]: Preparing start region for dimension minecraft:the_nether
[01:44:57] [Server thread/INFO]: Preparing spawn area: 0%
[01:44:58] [Server thread/INFO]: Time elapsed: 354 ms
[01:44:58] [Server thread/INFO]: Preparing start region for dimension minecraft:the_end
[01:44:58] [Server thread/INFO]: Preparing spawn area: 0%
[01:44:58] [Server thread/INFO]: Preparing spawn area: 6%
[01:44:58] [Server thread/INFO]: Time elapsed: 559 ms
[01:44:58] [Server thread/INFO]: [spark] Starting background profiler...
[01:44:59] [Server thread/INFO]: Done preparing level "world" (5.302s)
[01:44:59] [Server thread/INFO]: Running delayed init tasks
[01:44:59] [Server thread/INFO]: Done (19.490s)! For help, type "help"
[01:45:19] [User Authenticator #0/INFO]: UUID of player JPOLKO is e49ea68c-6b63-36aa-b865-48ca087b01e5
[01:45:20] [Server thread/INFO]: JPOLKO joined the game
[01:45:20] [Server thread/INFO]: JPOLKO[/127.192.12.116:58105] logged in with entity id 572 at ([world]97.35257491230456, 71.0, 27.135037332049308)
[02:12:49] [Server thread/INFO]: JPOLKO lost connection: Timed out
[02:12:49] [Server thread/INFO]: JPOLKO left the game
[02:15:26] [User Authenticator #1/INFO]: UUID of player JPOLKO is e49ea68c-6b63-36aa-b865-48ca087b01e5
[02:15:27] [Server thread/INFO]: JPOLKO joined the game
[02:15:27] [Server thread/INFO]: JPOLKO[/127.192.12.116:58969] logged in with entity id 12257 at ([world]87.64708595631363, 71.0, 30.30000001192093)
